.2019-03-28 10:28:41.236 com.camera.StartApplication INFO - Starting StartApplication on zhanglizeng-PC with PID 836 (D:\project\camera\target\classes started by zhanglizeng in D:\project\camera)
.2019-03-28 10:28:41.238 com.camera.StartApplication INFO - No active profile set, falling back to default profiles: default
.2019-03-28 10:28:41.861 org.springframework.boot.context.embedded.AnnotationConfigEmbeddedWebApplicationContext INFO - Refreshing org.springframework.boot.context.embedded.AnnotationConfigEmbeddedWebApplicationContext@5c967626: startup date [Thu Mar 28 10:28:41 CST 2019]; root of context hierarchy
.2019-03-28 10:28:42.468 org.hibernate.validator.internal.util.Version INFO - HV000001: Hibernate Validator 5.3.5.Final
.2019-03-28 10:28:47.199 org.springframework.boot.context.embedded.tomcat.TomcatEmbeddedServletContainer INFO - Tomcat initialized with port(s): 8089 (http)
.2019-03-28 10:28:47.420 org.apache.catalina.core.StandardService INFO - Starting service [Tomcat]
.2019-03-28 10:28:47.423 org.apache.catalina.core.StandardEngine INFO - Starting Servlet Engine: Apache Tomcat/8.5.15
.2019-03-28 10:28:47.856 org.apache.catalina.core.ContainerBase.[Tomcat].[localhost].[/] INFO - Initializing Spring embedded WebApplicationContext
.2019-03-28 10:28:47.856 org.springframework.web.context.ContextLoader INFO - Root WebApplicationContext: initialization completed in 6035 ms
.2019-03-28 10:28:48.205 org.springframework.boot.web.servlet.ServletRegistrationBean INFO - Mapping servlet: 'dispatcherServlet' to [/]
.2019-03-28 10:28:48.251 org.springframework.boot.web.servlet.FilterRegistrationBean INFO - Mapping filter: 'characterEncodingFilter' to: [/*]
.2019-03-28 10:28:48.267 org.springframework.boot.web.servlet.FilterRegistrationBean INFO - Mapping filter: 'hiddenHttpMethodFilter' to: [/*]
.2019-03-28 10:28:48.267 org.springframework.boot.web.servlet.FilterRegistrationBean INFO - Mapping filter: 'httpPutFormContentFilter' to: [/*]
.2019-03-28 10:28:48.267 org.springframework.boot.web.servlet.FilterRegistrationBean INFO - Mapping filter: 'requestContextFilter' to: [/*]
.2019-03-28 10:28:49.246 org.springframework.web.servlet.mvc.method.annotation.RequestMappingHandlerAdapter INFO - Looking for @ControllerAdvice: org.springframework.boot.context.embedded.AnnotationConfigEmbeddedWebApplicationContext@5c967626: startup date [Thu Mar 28 10:28:41 CST 2019]; root of context hierarchy
.2019-03-28 10:28:49.387 org.springframework.web.servlet.mvc.method.annotation.RequestMappingHandlerMapping INFO - Mapped "{[/camera/updateData],methods=[POST]}" onto public java.lang.String com.camera.controller.CameraController.updateData(javax.servlet.http.HttpServletRequest)
.2019-03-28 10:28:49.394 org.springframework.web.servlet.mvc.method.annotation.RequestMappingHandlerMapping INFO - Mapped "{[/error]}" onto public org.springframework.http.ResponseEntity<java.util.Map<java.lang.String, java.lang.Object>> org.springframework.boot.autoconfigure.web.BasicErrorController.error(javax.servlet.http.HttpServletRequest)
.2019-03-28 10:28:49.395 org.springframework.web.servlet.mvc.method.annotation.RequestMappingHandlerMapping INFO - Mapped "{[/error],produces=[text/html]}" onto public org.springframework.web.servlet.ModelAndView org.springframework.boot.autoconfigure.web.BasicErrorController.errorHtml(javax.servlet.http.HttpServletRequest,javax.servlet.http.HttpServletResponse)
.2019-03-28 10:28:49.471 org.springframework.web.servlet.handler.SimpleUrlHandlerMapping INFO - Mapped URL path [/webjars/**] onto handler of type [class org.springframework.web.servlet.resource.ResourceHttpRequestHandler]
.2019-03-28 10:28:49.472 org.springframework.web.servlet.handler.SimpleUrlHandlerMapping INFO - Mapped URL path [/**] onto handler of type [class org.springframework.web.servlet.resource.ResourceHttpRequestHandler]
.2019-03-28 10:28:49.589 org.springframework.web.servlet.handler.SimpleUrlHandlerMapping INFO - Mapped URL path [/**/favicon.ico] onto handler of type [class org.springframework.web.servlet.resource.ResourceHttpRequestHandler]
.2019-03-28 10:28:50.044 org.springframework.boot.devtools.autoconfigure.OptionalLiveReloadServer INFO - LiveReload server is running on port 35729
.2019-03-28 10:28:50.199 org.springframework.jmx.export.annotation.AnnotationMBeanExporter INFO - Registering beans for JMX exposure on startup
.2019-03-28 10:28:50.303 org.apache.coyote.http11.Http11NioProtocol INFO - Initializing ProtocolHandler ["http-nio-8089"]
.2019-03-28 10:28:50.351 org.apache.coyote.http11.Http11NioProtocol INFO - Starting ProtocolHandler ["http-nio-8089"]
.2019-03-28 10:28:50.429 org.apache.tomcat.util.net.NioSelectorPool INFO - Using a shared selector for servlet write/read
.2019-03-28 10:28:50.467 org.springframework.boot.context.embedded.tomcat.TomcatEmbeddedServletContainer INFO - Tomcat started on port(s): 8089 (http)
.2019-03-28 10:28:50.488 com.camera.StartApplication INFO - Started StartApplication in 11.935 seconds (JVM running for 13.272)
.2019-03-28 10:32:56.306 org.springframework.boot.context.embedded.AnnotationConfigEmbeddedWebApplicationContext INFO - Closing org.springframework.boot.context.embedded.AnnotationConfigEmbeddedWebApplicationContext@5c967626: startup date [Thu Mar 28 10:28:41 CST 2019]; root of context hierarchy
.2019-03-28 10:32:56.332 org.springframework.jmx.export.annotation.AnnotationMBeanExporter INFO - Unregistering JMX-exposed beans on shutdown
.2019-03-28 14:31:59.040 com.camera.StartApplication INFO - Starting StartApplication on zhanglizeng-PC with PID 6400 (D:\project\camera\target\classes started by zhanglizeng in D:\project\camera)
.2019-03-28 14:31:59.062 com.camera.StartApplication INFO - No active profile set, falling back to default profiles: default
.2019-03-28 14:31:59.266 org.springframework.boot.context.embedded.AnnotationConfigEmbeddedWebApplicationContext INFO - Refreshing org.springframework.boot.context.embedded.AnnotationConfigEmbeddedWebApplicationContext@18d8ae4f: startup date [Thu Mar 28 14:31:59 CST 2019]; root of context hierarchy
.2019-03-28 14:32:00.394 org.hibernate.validator.internal.util.Version INFO - HV000001: Hibernate Validator 5.3.5.Final
.2019-03-28 14:32:05.553 org.springframework.boot.context.embedded.tomcat.TomcatEmbeddedServletContainer INFO - Tomcat initialized with port(s): 8089 (http)
.2019-03-28 14:32:05.590 org.apache.catalina.core.StandardService INFO - Starting service [Tomcat]
.2019-03-28 14:32:05.592 org.apache.catalina.core.StandardEngine INFO - Starting Servlet Engine: Apache Tomcat/8.5.15
.2019-03-28 14:32:05.799 org.apache.catalina.core.ContainerBase.[Tomcat].[localhost].[/] INFO - Initializing Spring embedded WebApplicationContext
.2019-03-28 14:32:05.800 org.springframework.web.context.ContextLoader INFO - Root WebApplicationContext: initialization completed in 6539 ms
.2019-03-28 14:32:06.061 org.springframework.boot.web.servlet.ServletRegistrationBean INFO - Mapping servlet: 'dispatcherServlet' to [/]
.2019-03-28 14:32:06.067 org.springframework.boot.web.servlet.FilterRegistrationBean INFO - Mapping filter: 'characterEncodingFilter' to: [/*]
.2019-03-28 14:32:06.068 org.springframework.boot.web.servlet.FilterRegistrationBean INFO - Mapping filter: 'hiddenHttpMethodFilter' to: [/*]
.2019-03-28 14:32:06.068 org.springframework.boot.web.servlet.FilterRegistrationBean INFO - Mapping filter: 'httpPutFormContentFilter' to: [/*]
.2019-03-28 14:32:06.068 org.springframework.boot.web.servlet.FilterRegistrationBean INFO - Mapping filter: 'requestContextFilter' to: [/*]
.2019-03-28 14:32:06.932 org.springframework.web.servlet.mvc.method.annotation.RequestMappingHandlerAdapter INFO - Looking for @ControllerAdvice: org.springframework.boot.context.embedded.AnnotationConfigEmbeddedWebApplicationContext@18d8ae4f: startup date [Thu Mar 28 14:31:59 CST 2019]; root of context hierarchy
.2019-03-28 14:32:07.116 org.springframework.web.servlet.mvc.method.annotation.RequestMappingHandlerMapping INFO - Mapped "{[/camera/updateData],produces=[application/json;charset=utf-8]}" onto public java.lang.Object com.camera.controller.CameraController.updateData(javax.servlet.http.HttpServletRequest,javax.servlet.http.HttpServletResponse)
.2019-03-28 14:32:07.130 org.springframework.web.servlet.mvc.method.annotation.RequestMappingHandlerMapping INFO - Mapped "{[/error]}" onto public org.springframework.http.ResponseEntity<java.util.Map<java.lang.String, java.lang.Object>> org.springframework.boot.autoconfigure.web.BasicErrorController.error(javax.servlet.http.HttpServletRequest)
.2019-03-28 14:32:07.130 org.springframework.web.servlet.mvc.method.annotation.RequestMappingHandlerMapping INFO - Mapped "{[/error],produces=[text/html]}" onto public org.springframework.web.servlet.ModelAndView org.springframework.boot.autoconfigure.web.BasicErrorController.errorHtml(javax.servlet.http.HttpServletRequest,javax.servlet.http.HttpServletResponse)
.2019-03-28 14:32:07.258 org.springframework.web.servlet.handler.SimpleUrlHandlerMapping INFO - Mapped URL path [/webjars/**] onto handler of type [class org.springframework.web.servlet.resource.ResourceHttpRequestHandler]
.2019-03-28 14:32:07.258 org.springframework.web.servlet.handler.SimpleUrlHandlerMapping INFO - Mapped URL path [/**] onto handler of type [class org.springframework.web.servlet.resource.ResourceHttpRequestHandler]
.2019-03-28 14:32:07.381 org.springframework.web.servlet.handler.SimpleUrlHandlerMapping INFO - Mapped URL path [/**/favicon.ico] onto handler of type [class org.springframework.web.servlet.resource.ResourceHttpRequestHandler]
.2019-03-28 14:32:07.904 org.springframework.boot.devtools.autoconfigure.OptionalLiveReloadServer WARN - Unable to start LiveReload server
.2019-03-28 14:32:08.073 org.springframework.jmx.export.annotation.AnnotationMBeanExporter INFO - Registering beans for JMX exposure on startup
.2019-03-28 14:32:08.145 org.apache.coyote.http11.Http11NioProtocol INFO - Initializing ProtocolHandler ["http-nio-8089"]
.2019-03-28 14:32:08.209 org.apache.coyote.http11.Http11NioProtocol INFO - Starting ProtocolHandler ["http-nio-8089"]
.2019-03-28 14:32:08.285 org.apache.tomcat.util.net.NioSelectorPool INFO - Using a shared selector for servlet write/read
.2019-03-28 14:32:08.592 org.springframework.boot.context.embedded.tomcat.TomcatEmbeddedServletContainer INFO - Tomcat started on port(s): 8089 (http)
.2019-03-28 14:32:08.603 com.camera.StartApplication INFO - Started StartApplication in 10.644 seconds (JVM running for 11.738)
.2019-03-28 14:32:21.729 org.apache.catalina.core.ContainerBase.[Tomcat].[localhost].[/] INFO - Initializing Spring FrameworkServlet 'dispatcherServlet'
.2019-03-28 14:32:21.729 org.springframework.web.servlet.DispatcherServlet INFO - FrameworkServlet 'dispatcherServlet': initialization started
.2019-03-28 14:32:21.761 org.springframework.web.servlet.DispatcherServlet INFO - FrameworkServlet 'dispatcherServlet': initialization completed in 32 ms
